2025-05-01 00:57:37,369 - feature_prompter_140138235304240 - INFO - Initialized GrammarFeaturePrompter with grammar: grammars/xml.ebnf
2025-05-01 00:58:18,737 - feature_prompter_140138235304240 - INFO - Generated single feature prompt for feature: 'XML Declaration'
2025-05-01 00:58:18,737 - feature_prompter_140138235304240 - INFO - Generated single feature prompt for feature: 'Document Type Definition (DTD)'
2025-05-01 00:58:18,737 - feature_prompter_140138235304240 - INFO - Generated single feature prompt for feature: 'Element Declaration'
2025-05-01 00:58:18,737 - feature_prompter_140138235304240 - INFO - Generated single feature prompt for feature: 'Attribute Declaration'
2025-05-01 00:58:18,737 - feature_prompter_140138235304240 - INFO - Generated single feature prompt for feature: 'Entity Declaration'
2025-05-01 00:58:18,737 - feature_prompter_140138235304240 - INFO - Generated single feature prompt for feature: 'Notation Declaration'
2025-05-01 00:58:18,737 - feature_prompter_140138235304240 - INFO - Generated single feature prompt for feature: 'External Entity Reference'
2025-05-01 00:58:18,737 - feature_prompter_140138235304240 - INFO - Generated single feature prompt for feature: 'Character Reference'
2025-05-01 00:58:18,737 - feature_prompter_140138235304240 - INFO - Generated single feature prompt for feature: 'Content Model'
2025-05-01 00:58:18,737 - feature_prompter_140138235304240 - INFO - Generated single feature prompt for feature: 'Namespace Declaration'
2025-05-01 00:58:18,737 - feature_prompter_140138235304240 - INFO - Generated single feature prompt for feature: 'Qualified Name'
2025-05-01 00:58:18,737 - feature_prompter_140138235304240 - INFO - Generated single feature prompt for feature: 'Character Data'
2025-05-01 00:58:18,737 - feature_prompter_140138235304240 - INFO - Generated single feature prompt for feature: 'Processing Instruction'
2025-05-01 00:58:18,737 - feature_prompter_140138235304240 - INFO - Generated single feature prompt for feature: 'Comment'
2025-05-01 00:58:18,737 - feature_prompter_140138235304240 - INFO - Generated single feature prompt for feature: 'CDATA Section'
2025-05-01 00:58:18,737 - feature_prompter_140138235304240 - INFO - Generated single feature prompt for feature: 'XML Version'
2025-05-01 00:58:18,737 - feature_prompter_140138235304240 - INFO - Generated single feature prompt for feature: 'Encoding Declaration'
2025-05-01 00:58:18,737 - feature_prompter_140138235304240 - INFO - Generated single feature prompt for feature: 'Standalone Declaration'
2025-05-01 00:58:18,737 - feature_prompter_140138235304240 - INFO - Generated single feature prompt for feature: 'Qualified Name with Prefix'
2025-05-01 00:58:18,737 - feature_prompter_140138235304240 - INFO - Generated single feature prompt for feature: 'Qualified Name without Prefix'
2025-05-01 00:58:18,737 - feature_prompter_140138235304240 - INFO - Generated single feature prompt for feature: 'XML Schema'
2025-05-01 00:58:18,737 - feature_prompter_140138235304240 - INFO - Generated single feature prompt for feature: 'XML Schema Definition'
2025-05-01 00:58:18,737 - feature_prompter_140138235304240 - INFO - Generated single feature prompt for feature: 'XML Schema Type Definition'
2025-05-01 00:58:18,737 - feature_prompter_140138235304240 - INFO - Generated single feature prompt for feature: 'XML Schema Element Definition'
2025-05-01 00:58:18,737 - feature_prompter_140138235304240 - INFO - Generated single feature prompt for feature: 'XML Schema Attribute Definition'
2025-05-01 00:58:18,737 - feature_prompter_140138235304240 - INFO - Generated single feature prompt for feature: 'XML Schema Entity Definition'
2025-05-01 00:58:18,737 - feature_prompter_140138235304240 - INFO - Generated single feature prompt for feature: 'XML Schema Notation Definition'
