2025-05-01 04:40:55,149 - feature_prompter_140447980065920 - INFO - Initialized GrammarFeaturePrompter with grammar: grammars/xml.ebnf
2025-05-01 04:41:40,281 - feature_prompter_140447980065920 - INFO - Generated single feature prompt for feature: 'XML Declaration'
2025-05-01 04:41:40,281 - feature_prompter_140447980065920 - INFO - Generated single feature prompt for feature: 'Document Type Definition'
2025-05-01 04:41:40,281 - feature_prompter_140447980065920 - INFO - Generated single feature prompt for feature: 'Element Declaration'
2025-05-01 04:41:40,281 - feature_prompter_140447980065920 - INFO - Generated single feature prompt for feature: 'Attribute Declaration'
2025-05-01 04:41:40,281 - feature_prompter_140447980065920 - INFO - Generated single feature prompt for feature: 'Entity Declaration'
2025-05-01 04:41:40,281 - feature_prompter_140447980065920 - INFO - Generated single feature prompt for feature: 'Notation Declaration'
2025-05-01 04:41:40,281 - feature_prompter_140447980065920 - INFO - Generated single feature prompt for feature: 'Character Reference'
2025-05-01 04:41:40,281 - feature_prompter_140447980065920 - INFO - Generated single feature prompt for feature: 'General Entity'
2025-05-01 04:41:40,281 - feature_prompter_140447980065920 - INFO - Generated single feature prompt for feature: 'Character Data'
2025-05-01 04:41:40,281 - feature_prompter_140447980065920 - INFO - Generated single feature prompt for feature: 'Namespace Declaration'
2025-05-01 04:41:40,281 - feature_prompter_140447980065920 - INFO - Generated single feature prompt for feature: 'Qualified Name'
2025-05-01 04:41:40,281 - feature_prompter_140447980065920 - INFO - Generated single feature prompt for feature: 'CDATA Section'
2025-05-01 04:41:40,281 - feature_prompter_140447980065920 - INFO - Generated single feature prompt for feature: 'Processing Instruction'
2025-05-01 04:41:40,281 - feature_prompter_140447980065920 - INFO - Generated single feature prompt for feature: 'Comment'
2025-05-01 04:41:40,281 - feature_prompter_140447980065920 - INFO - Generated single feature prompt for feature: 'XML Version'
2025-05-01 04:41:40,281 - feature_prompter_140447980065920 - INFO - Generated single feature prompt for feature: 'Encoding Declaration'
2025-05-01 04:41:40,281 - feature_prompter_140447980065920 - INFO - Generated single feature prompt for feature: 'Standalone Declaration'
2025-05-01 04:41:40,281 - feature_prompter_140447980065920 - INFO - Generated single feature prompt for feature: 'Entity Reference'
2025-05-01 04:41:40,281 - feature_prompter_140447980065920 - INFO - Generated single feature prompt for feature: 'Character Data Type'
2025-05-01 04:41:40,281 - feature_prompter_140447980065920 - INFO - Generated single feature prompt for feature: 'Attribute Type'
2025-05-01 04:41:40,281 - feature_prompter_140447980065920 - INFO - Generated single feature prompt for feature: 'Enumerated Type'
2025-05-01 04:41:40,281 - feature_prompter_140447980065920 - INFO - Generated single feature prompt for feature: 'Tokenized Type'
2025-05-01 04:41:40,281 - feature_prompter_140447980065920 - INFO - Generated single feature prompt for feature: 'String Type'
2025-05-01 04:41:40,281 - feature_prompter_140447980065920 - INFO - Generated single feature prompt for feature: 'ID Type'
2025-05-01 04:41:40,281 - feature_prompter_140447980065920 - INFO - Generated single feature prompt for feature: 'IDREF Type'
2025-05-01 04:41:40,281 - feature_prompter_140447980065920 - INFO - Generated single feature prompt for feature: 'IDREFS Type'
2025-05-01 04:41:40,281 - feature_prompter_140447980065920 - INFO - Generated single feature prompt for feature: 'ENTITY Type'
2025-05-01 04:41:40,282 - feature_prompter_140447980065920 - INFO - Generated single feature prompt for feature: 'ENTITIES Type'
2025-05-01 04:41:40,282 - feature_prompter_140447980065920 - INFO - Generated single feature prompt for feature: 'NMTOKEN Type'
2025-05-01 04:41:40,282 - feature_prompter_140447980065920 - INFO - Generated single feature prompt for feature: 'NMTOKENS Type'
2025-05-01 04:41:40,282 - feature_prompter_140447980065920 - INFO - Generated single feature prompt for feature: 'NOTATION Type'
