2025-05-01 01:02:12,677 - feature_prompter_139628169778448 - INFO - Initialized GrammarFeaturePrompter with grammar: grammars/xml.ebnf
2025-05-01 01:02:58,671 - feature_prompter_139628169778448 - INFO - Generated single feature prompt for feature: 'XML Declaration'
2025-05-01 01:02:58,671 - feature_prompter_139628169778448 - INFO - Generated single feature prompt for feature: 'Document Type Declaration'
2025-05-01 01:02:58,671 - feature_prompter_139628169778448 - INFO - Generated single feature prompt for feature: 'Element Declaration'
2025-05-01 01:02:58,671 - feature_prompter_139628169778448 - INFO - Generated single feature prompt for feature: 'Attribute Declaration'
2025-05-01 01:02:58,671 - feature_prompter_139628169778448 - INFO - Generated single feature prompt for feature: 'Entity Declaration'
2025-05-01 01:02:58,671 - feature_prompter_139628169778448 - INFO - Generated single feature prompt for feature: 'Notation Declaration'
2025-05-01 01:02:58,671 - feature_prompter_139628169778448 - INFO - Generated single feature prompt for feature: 'External Entity Reference'
2025-05-01 01:02:58,671 - feature_prompter_139628169778448 - INFO - Generated single feature prompt for feature: 'Character Reference'
2025-05-01 01:02:58,671 - feature_prompter_139628169778448 - INFO - Generated single feature prompt for feature: 'CDATA Section'
2025-05-01 01:02:58,671 - feature_prompter_139628169778448 - INFO - Generated single feature prompt for feature: 'Processing Instruction'
2025-05-01 01:02:58,671 - feature_prompter_139628169778448 - INFO - Generated single feature prompt for feature: 'Namespace Declaration'
2025-05-01 01:02:58,671 - feature_prompter_139628169778448 - INFO - Generated single feature prompt for feature: 'Qualified Name'
2025-05-01 01:02:58,671 - feature_prompter_139628169778448 - INFO - Generated single feature prompt for feature: 'Character Data'
2025-05-01 01:02:58,671 - feature_prompter_139628169778448 - INFO - Generated single feature prompt for feature: 'Entity Reference'
2025-05-01 02:56:49,429 - feature_prompter_139628169778448 - INFO - Saved 14 features to feature_output_2025-05-01_01-02-07/features_log.json
2025-05-01 02:57:35,351 - feature_prompter_139627958140592 - INFO - Initialized GrammarFeaturePrompter with grammar: grammars/xml.ebnf
2025-05-01 02:58:20,849 - feature_prompter_139627958140592 - INFO - Generated single feature prompt for feature: 'XML Declaration'
2025-05-01 02:58:20,849 - feature_prompter_139627958140592 - INFO - Generated single feature prompt for feature: 'Document Type Declaration'
2025-05-01 02:58:20,849 - feature_prompter_139627958140592 - INFO - Generated single feature prompt for feature: 'Element Declaration'
2025-05-01 02:58:20,849 - feature_prompter_139627958140592 - INFO - Generated single feature prompt for feature: 'Attribute Declaration'
2025-05-01 02:58:20,849 - feature_prompter_139627958140592 - INFO - Generated single feature prompt for feature: 'Entity Declaration'
2025-05-01 02:58:20,849 - feature_prompter_139627958140592 - INFO - Generated single feature prompt for feature: 'Notation Declaration'
2025-05-01 02:58:20,849 - feature_prompter_139627958140592 - INFO - Generated single feature prompt for feature: 'Prolog'
2025-05-01 02:58:20,849 - feature_prompter_139627958140592 - INFO - Generated single feature prompt for feature: 'Namespace Declaration'
2025-05-01 02:58:20,849 - feature_prompter_139627958140592 - INFO - Generated single feature prompt for feature: 'Character Reference'
2025-05-01 02:58:20,849 - feature_prompter_139627958140592 - INFO - Generated single feature prompt for feature: 'Entity Reference'
2025-05-01 02:58:20,849 - feature_prompter_139627958140592 - INFO - Generated single feature prompt for feature: 'CDATA Section'
2025-05-01 02:58:20,849 - feature_prompter_139627958140592 - INFO - Generated single feature prompt for feature: 'Processing Instruction'
2025-05-01 02:58:20,849 - feature_prompter_139627958140592 - INFO - Generated single feature prompt for feature: 'Qualified Name'
2025-05-01 02:58:20,849 - feature_prompter_139627958140592 - INFO - Generated single feature prompt for feature: 'Character Data'
2025-05-01 02:58:20,849 - feature_prompter_139627958140592 - INFO - Generated single feature prompt for feature: 'Entity'
2025-05-01 02:58:20,849 - feature_prompter_139627958140592 - INFO - Generated single feature prompt for feature: 'External Entity'
2025-05-01 02:58:20,849 - feature_prompter_139627958140592 - INFO - Generated single feature prompt for feature: 'External ID'
2025-05-01 02:58:20,849 - feature_prompter_139627958140592 - INFO - Generated single feature prompt for feature: 'XML Version'
2025-05-01 02:58:20,849 - feature_prompter_139627958140592 - INFO - Generated single feature prompt for feature: 'Encoding Declaration'
2025-05-01 02:58:20,849 - feature_prompter_139627958140592 - INFO - Generated single feature prompt for feature: 'Standalone Declaration'
2025-05-01 02:58:20,849 - feature_prompter_139627958140592 - INFO - Generated single feature prompt for feature: 'Comment'
2025-05-01 02:58:20,849 - feature_prompter_139627958140592 - INFO - Generated single feature prompt for feature: 'Parameter Entity'
2025-05-01 02:58:20,849 - feature_prompter_139627958140592 - INFO - Generated single feature prompt for feature: 'PI'
2025-05-01 02:58:20,849 - feature_prompter_139627958140592 - INFO - Generated single feature prompt for feature: 'Mixed Content'
2025-05-01 02:58:20,849 - feature_prompter_139627958140592 - INFO - Generated single feature prompt for feature: 'Choice'
2025-05-01 02:58:20,849 - feature_prompter_139627958140592 - INFO - Generated single feature prompt for feature: 'Sequence'
2025-05-01 02:58:20,849 - feature_prompter_139627958140592 - INFO - Generated single feature prompt for feature: 'Children'
2025-05-01 02:58:20,849 - feature_prompter_139627958140592 - INFO - Generated single feature prompt for feature: 'Qualified Name with Prefix'
2025-05-01 02:58:20,849 - feature_prompter_139627958140592 - INFO - Generated single feature prompt for feature: 'Qualified Name without Prefix'
2025-05-01 02:58:20,849 - feature_prompter_139627958140592 - INFO - Generated single feature prompt for feature: 'Character Data with Namespace'
2025-05-01 02:58:20,850 - feature_prompter_139627958140592 - INFO - Generated single feature prompt for feature: 'Qualified Name with Namespace'
2025-05-01 02:58:20,850 - feature_prompter_139627958140592 - INFO - Generated single feature prompt for feature: 'Qualified Name without Namespace'
