2025-05-01 04:42:53,090 - feature_prompter_140177327298912 - INFO - Initialized GrammarFeaturePrompter with grammar: grammars/xml.ebnf
2025-05-01 04:43:18,752 - feature_prompter_140177327298912 - INFO - Generated single feature prompt for feature: 'XML Declaration'
2025-05-01 04:43:18,752 - feature_prompter_140177327298912 - INFO - Generated single feature prompt for feature: 'Document Type Declaration'
2025-05-01 04:43:18,752 - feature_prompter_140177327298912 - INFO - Generated single feature prompt for feature: 'Element Declaration'
2025-05-01 04:43:18,752 - feature_prompter_140177327298912 - INFO - Generated single feature prompt for feature: 'Attribute Declaration'
2025-05-01 04:43:18,752 - feature_prompter_140177327298912 - INFO - Generated single feature prompt for feature: 'Entity Declaration'
2025-05-01 04:43:18,752 - feature_prompter_140177327298912 - INFO - Generated single feature prompt for feature: 'Notation Declaration'
2025-05-01 04:43:18,752 - feature_prompter_140177327298912 - INFO - Generated single feature prompt for feature: 'External Reference'
2025-05-01 04:43:18,752 - feature_prompter_140177327298912 - INFO - Generated single feature prompt for feature: 'Character Reference'
2025-05-01 04:43:18,752 - feature_prompter_140177327298912 - INFO - Generated single feature prompt for feature: 'Entity Reference'
2025-05-01 04:43:18,752 - feature_prompter_140177327298912 - INFO - Generated single feature prompt for feature: 'CDATA Section'
2025-05-01 04:43:18,752 - feature_prompter_140177327298912 - INFO - Generated single feature prompt for feature: 'Processing Instruction'
2025-05-01 04:43:18,752 - feature_prompter_140177327298912 - INFO - Generated single feature prompt for feature: 'Namespace Declaration'
2025-05-01 04:43:18,752 - feature_prompter_140177327298912 - INFO - Generated single feature prompt for feature: 'Qualified Name'
2025-05-01 04:43:18,752 - feature_prompter_140177327298912 - INFO - Generated single feature prompt for feature: 'Character Data'
2025-05-01 04:43:18,753 - feature_prompter_140177327298912 - INFO - Generated single feature prompt for feature: 'Entity'
2025-05-01 04:43:18,753 - feature_prompter_140177327298912 - INFO - Generated single feature prompt for feature: 'Comment'
2025-05-01 04:43:18,753 - feature_prompter_140177327298912 - INFO - Generated single feature prompt for feature: 'CDATA Section (again)'
2025-05-01 04:43:18,753 - feature_prompter_140177327298912 - INFO - Generated single feature prompt for feature: 'XML Version'
2025-05-01 04:43:18,753 - feature_prompter_140177327298912 - INFO - Generated single feature prompt for feature: 'Encoding Declaration'
2025-05-01 04:43:18,753 - feature_prompter_140177327298912 - INFO - Generated single feature prompt for feature: 'Standalone Declaration'
2025-05-01 04:43:18,753 - feature_prompter_140177327298912 - INFO - Generated single feature prompt for feature: 'XML Declaration (again)'
