2025-05-01 17:44:50,320 - feature_prompter_140603826319568 - INFO - Initialized GrammarFeaturePrompter with grammar: grammars/xml.ebnf
2025-05-01 17:45:39,327 - feature_prompter_140603826319568 - INFO - Generated single feature prompt for feature: 'XML Declaration'
2025-05-01 17:45:39,327 - feature_prompter_140603826319568 - INFO - Generated single feature prompt for feature: 'Document Type Definition'
2025-05-01 17:45:39,328 - feature_prompter_140603826319568 - INFO - Generated single feature prompt for feature: 'Element Declaration'
2025-05-01 17:45:39,328 - feature_prompter_140603826319568 - INFO - Generated single feature prompt for feature: 'Attribute List Declaration'
2025-05-01 17:45:39,328 - feature_prompter_140603826319568 - INFO - Generated single feature prompt for feature: 'Entity Declaration'
2025-05-01 17:45:39,328 - feature_prompter_140603826319568 - INFO - Generated single feature prompt for feature: 'Notation Declaration'
2025-05-01 17:45:39,328 - feature_prompter_140603826319568 - INFO - Generated single feature prompt for feature: 'PEReference'
2025-05-01 17:45:39,328 - feature_prompter_140603826319568 - INFO - Generated single feature prompt for feature: 'Prolog Comment'
2025-05-01 17:45:39,328 - feature_prompter_140603826319568 - INFO - Generated single feature prompt for feature: 'Prolog PI'
2025-05-01 17:45:39,328 - feature_prompter_140603826319568 - INFO - Generated single feature prompt for feature: 'Element Opener'
2025-05-01 17:45:39,328 - feature_prompter_140603826319568 - INFO - Generated single feature prompt for feature: 'Element Closing Tag'
2025-05-01 17:45:39,328 - feature_prompter_140603826319568 - INFO - Generated single feature prompt for feature: 'Attribute Specification'
2025-05-01 17:45:39,328 - feature_prompter_140603826319568 - INFO - Generated single feature prompt for feature: 'Namespace Declaration'
2025-05-01 17:45:39,328 - feature_prompter_140603826319568 - INFO - Generated single feature prompt for feature: 'Entity Reference'
2025-05-01 17:45:39,328 - feature_prompter_140603826319568 - INFO - Generated single feature prompt for feature: 'Character Reference'
2025-05-01 17:45:39,328 - feature_prompter_140603826319568 - INFO - Generated single feature prompt for feature: 'Content Model'
2025-05-01 17:45:39,328 - feature_prompter_140603826319568 - INFO - Generated single feature prompt for feature: 'Qualified Name'
2025-05-01 17:45:39,328 - feature_prompter_140603826319568 - INFO - Generated single feature prompt for feature: 'XML Declaration End'
2025-05-01 17:45:39,328 - feature_prompter_140603826319568 - INFO - Generated single feature prompt for feature: 'Parsed XML Document'
2025-05-01 19:40:14,419 - feature_prompter_140603826319568 - INFO - Saved 19 features to gcd_output_2025-05-01_17-44-44/features_log.json
2025-05-01 19:41:03,931 - feature_prompter_140603826319568 - INFO - Generated single feature prompt for feature: 'XML Declaration'
2025-05-01 19:41:03,931 - feature_prompter_140603826319568 - INFO - Generated single feature prompt for feature: 'Document Type Definition (DTD)'
2025-05-01 19:41:03,931 - feature_prompter_140603826319568 - INFO - Generated single feature prompt for feature: 'Element Declaration'
2025-05-01 19:41:03,931 - feature_prompter_140603826319568 - INFO - Generated single feature prompt for feature: 'Attribute List Declaration'
2025-05-01 19:41:03,931 - feature_prompter_140603826319568 - INFO - Generated single feature prompt for feature: 'Entity Declaration'
2025-05-01 19:41:03,931 - feature_prompter_140603826319568 - INFO - Generated single feature prompt for feature: 'Notation Declaration'
2025-05-01 19:41:03,931 - feature_prompter_140603826319568 - INFO - Generated single feature prompt for feature: 'PEReference'
2025-05-01 19:41:03,931 - feature_prompter_140603826319568 - INFO - Generated single feature prompt for feature: 'Prolog Comment'
2025-05-01 19:41:03,931 - feature_prompter_140603826319568 - INFO - Generated single feature prompt for feature: 'Prolog PI'
2025-05-01 19:41:03,931 - feature_prompter_140603826319568 - INFO - Generated single feature prompt for feature: 'Element Opener'
2025-05-01 19:41:03,931 - feature_prompter_140603826319568 - INFO - Generated single feature prompt for feature: 'Element Closing Tag'
2025-05-01 19:41:03,931 - feature_prompter_140603826319568 - INFO - Generated single feature prompt for feature: 'Attribute Specification'
2025-05-01 19:41:03,932 - feature_prompter_140603826319568 - INFO - Generated single feature prompt for feature: 'Namespace Declaration'
2025-05-01 19:41:03,932 - feature_prompter_140603826319568 - INFO - Generated single feature prompt for feature: 'Entity Reference'
2025-05-01 19:41:03,932 - feature_prompter_140603826319568 - INFO - Generated single feature prompt for feature: 'Character Reference'
2025-05-01 19:41:03,932 - feature_prompter_140603826319568 - INFO - Generated single feature prompt for feature: 'Content Model'
2025-05-01 19:41:03,932 - feature_prompter_140603826319568 - INFO - Generated single feature prompt for feature: 'Qualified Name'
2025-05-01 19:41:03,932 - feature_prompter_140603826319568 - INFO - Generated single feature prompt for feature: 'XML Declaration End'
2025-05-01 19:41:03,932 - feature_prompter_140603826319568 - INFO - Generated single feature prompt for feature: 'Parsed XML Document'
2025-05-01 19:41:03,932 - feature_prompter_140603826319568 - INFO - Generated single feature prompt for feature: 'Empty Element'
2025-05-01 19:41:03,932 - feature_prompter_140603826319568 - INFO - Generated single feature prompt for feature: 'Markup Declaration'
2025-05-01 19:41:03,932 - feature_prompter_140603826319568 - INFO - Generated single feature prompt for feature: 'Attlist Declaration'
2025-05-01 19:41:03,932 - feature_prompter_140603826319568 - INFO - Generated single feature prompt for feature: 'Entity Definition'
2025-05-01 19:41:03,932 - feature_prompter_140603826319568 - INFO - Generated single feature prompt for feature: 'NData Declaration'
2025-05-01 19:41:03,932 - feature_prompter_140603826319568 - INFO - Generated single feature prompt for feature: 'Content Specification'
2025-05-01 19:41:03,932 - feature_prompter_140603826319568 - INFO - Generated single feature prompt for feature: 'Children Specification'
2025-05-01 19:41:03,932 - feature_prompter_140603826319568 - INFO - Generated single feature prompt for feature: 'Occurrence Specification'
2025-05-01 19:41:03,932 - feature_prompter_140603826319568 - INFO - Generated single feature prompt for feature: 'Attribute Type'
2025-05-01 19:41:03,932 - feature_prompter_140603826319568 - INFO - Generated single feature prompt for feature: 'Default Value'
2025-05-01 19:41:03,932 - feature_prompter_140603826319568 - INFO - Generated single feature prompt for feature: 'Namespace URI'
